ConsumerConfig values: 
	auto.commit.interval.ms = 5000
	auto.offset.reset = latest
	bootstrap.servers = [ip-172-30-147-33.saccap.int:9100]
	check.crcs = true
	client.id = 
	connections.max.idle.ms = 540000
	enable.auto.commit = false
	exclude.internal.topics = true
	fetch.max.bytes = 52428800
	fetch.max.wait.ms = 500
	fetch.min.bytes = 1
	group.id = avroTest1
	heartbeat.interval.ms = 3000
	interceptor.classes = null
	key.deserializer = class com.hortonworks.registries.schemaregistry.serdes.avro.kafka.KafkaAvroDeserializer
	max.partition.fetch.bytes = 1048576
	max.poll.interval.ms = 300000
	max.poll.records = 500
	metadata.max.age.ms = 300000
	metric.reporters = []
	metrics.num.samples = 2
	metrics.sample.window.ms = 30000
	partition.assignment.strategy = [class org.apache.kafka.clients.consumer.RangeAssignor]
	receive.buffer.bytes = 65536
	reconnect.backoff.ms = 50
	request.timeout.ms = 305000
	retry.backoff.ms = 100
	sasl.kerberos.kinit.cmd = /usr/bin/kinit
	sasl.kerberos.min.time.before.relogin = 60000
	sasl.kerberos.service.name = null
	sasl.kerberos.ticket.renew.jitter = 0.05
	sasl.kerberos.ticket.renew.window.factor = 0.8
	sasl.mechanism = GSSAPI
	security.protocol = SASL_PLAINTEXT
	send.buffer.bytes = 131072
	session.timeout.ms = 10000
	ssl.cipher.suites = null
	ssl.enabled.protocols = [TLSv1.2, TLSv1.1, TLSv1]
	ssl.endpoint.identification.algorithm = null
	ssl.key.password = null
	ssl.keymanager.algorithm = SunX509
	ssl.keystore.location = null
	ssl.keystore.password = null
	ssl.keystore.type = JKS
	ssl.protocol = TLS
	ssl.provider = null
	ssl.secure.random.implementation = null
	ssl.trustmanager.algorithm = PKIX
	ssl.truststore.location = null
	ssl.truststore.password = null
	ssl.truststore.type = JKS
	value.deserializer = class com.hortonworks.registries.schemaregistry.serdes.avro.kafka.KafkaAvroDeserializer

Starting the Kafka consumer
ConsumerConfig values: 
	auto.commit.interval.ms = 5000
	auto.offset.reset = latest
	bootstrap.servers = [ip-172-30-147-33.saccap.int:9100]
	check.crcs = true
	client.id = consumer-1
	connections.max.idle.ms = 540000
	enable.auto.commit = false
	exclude.internal.topics = true
	fetch.max.bytes = 52428800
	fetch.max.wait.ms = 500
	fetch.min.bytes = 1
	group.id = avroTest1
	heartbeat.interval.ms = 3000
	interceptor.classes = null
	key.deserializer = class com.hortonworks.registries.schemaregistry.serdes.avro.kafka.KafkaAvroDeserializer
	max.partition.fetch.bytes = 1048576
	max.poll.interval.ms = 300000
	max.poll.records = 500
	metadata.max.age.ms = 300000
	metric.reporters = []
	metrics.num.samples = 2
	metrics.sample.window.ms = 30000
	partition.assignment.strategy = [class org.apache.kafka.clients.consumer.RangeAssignor]
	receive.buffer.bytes = 65536
	reconnect.backoff.ms = 50
	request.timeout.ms = 305000
	retry.backoff.ms = 100
	sasl.kerberos.kinit.cmd = /usr/bin/kinit
	sasl.kerberos.min.time.before.relogin = 60000
	sasl.kerberos.service.name = null
	sasl.kerberos.ticket.renew.jitter = 0.05
	sasl.kerberos.ticket.renew.window.factor = 0.8
	sasl.mechanism = GSSAPI
	security.protocol = SASL_PLAINTEXT
	send.buffer.bytes = 131072
	session.timeout.ms = 10000
	ssl.cipher.suites = null
	ssl.enabled.protocols = [TLSv1.2, TLSv1.1, TLSv1]
	ssl.endpoint.identification.algorithm = null
	ssl.key.password = null
	ssl.keymanager.algorithm = SunX509
	ssl.keystore.location = null
	ssl.keystore.password = null
	ssl.keystore.type = JKS
	ssl.protocol = TLS
	ssl.provider = null
	ssl.secure.random.implementation = null
	ssl.trustmanager.algorithm = PKIX
	ssl.truststore.location = null
	ssl.truststore.password = null
	ssl.truststore.type = JKS
	value.deserializer = class com.hortonworks.registries.schemaregistry.serdes.avro.kafka.KafkaAvroDeserializer

Initialized with config: [{security.protocol=SASL_PLAINTEXT, key.deserializer=com.hortonworks.registries.schemaregistry.serdes.avro.kafka.KafkaAvroDeserializer, value.deserializer=com.hortonworks.registries.schemaregistry.serdes.avro.kafka.KafkaAvroDeserializer, enable.auto.commit=false, group.id=avroTest1, firm.key.schema=SchemaId [name=BigDecimalExample, version=0], bootstrap.servers=ip-172-30-147-33.saccap.int:9100, firm.schema.registry=firm.schema.common.schema.AbstractSchemaRegistry
By Name:
BigDecimalExample.0 (GlobalSchemaId [id=1])
BigIntegerExample.0 (GlobalSchemaId [id=2])
BookSet.0 (GlobalSchemaId [id=10011])
BookSetByCode.0 (GlobalSchemaId [id=10010])
Broker.0 (GlobalSchemaId [id=611])
BrokerByCode.0 (GlobalSchemaId [id=610])
CheckpointKey.0 (GlobalSchemaId [id=62])
CheckpointValue.0 (GlobalSchemaId [id=63])
Country.0 (GlobalSchemaId [id=621])
CountryByAlpha2Code.0 (GlobalSchemaId [id=619])
CountryByAlpha3Code.0 (GlobalSchemaId [id=620])
Currency.0 (GlobalSchemaId [id=617])
CurrencyByCode.0 (GlobalSchemaId [id=618])
Custodian.0 (GlobalSchemaId [id=615])
CustodianByCode.0 (GlobalSchemaId [id=616])
DemoValue.0 (GlobalSchemaId [id=39])
DroolsRule.0 (GlobalSchemaId [id=30001])
EODNotify.0 (GlobalSchemaId [id=24])
EODNotifyKey.0 (GlobalSchemaId [id=23])
EODPMPositionFXRate.0 (GlobalSchemaId [id=201])
EODPMPositionFXRateError.0 (GlobalSchemaId [id=205])
EODPMPositionFXRateErrorKey.0 (GlobalSchemaId [id=206])
EODPMPositionPrice.0 (GlobalSchemaId [id=202])
EODPMPositionPriceError.0 (GlobalSchemaId [id=203])
EODPMPositionPriceErrorKey.0 (GlobalSchemaId [id=204])
EntityRelationship.0 (GlobalSchemaId [id=10101])
ErrorKey.0 (GlobalSchemaId [id=18])
ErrorValue.0 (GlobalSchemaId [id=19])
Exchange.0 (GlobalSchemaId [id=711])
Exchange.1 (GlobalSchemaId [id=712])
ExchangeByCode.0 (GlobalSchemaId [id=710])
ExplainKey.0 (GlobalSchemaId [id=30])
ExplainValue.0 (GlobalSchemaId [id=31])
FirmTransactionKey.0 (GlobalSchemaId [id=35])
FirmTransactionValue.0 (GlobalSchemaId [id=36])
LegalEntity.0 (GlobalSchemaId [id=800])
LegalEntityByCode.0 (GlobalSchemaId [id=801])
LocalDateExample.0 (GlobalSchemaId [id=3])
LocalDateTimeExample.0 (GlobalSchemaId [id=5])
LocalTimeExample.0 (GlobalSchemaId [id=4])
MapListExample.0 (GlobalSchemaId [id=7])
NameSpace.0 (GlobalSchemaId [id=511])
NameSpaceByCode.0 (GlobalSchemaId [id=510])
NestedClassesExample.0 (GlobalSchemaId [id=6])
NormalizationRuleKey.0 (GlobalSchemaId [id=42])
NormalizationRules.0 (GlobalSchemaId [id=43])
NormalizedEquity.0 (GlobalSchemaId [id=59])
NormalizedErrorValue.0 (GlobalSchemaId [id=60])
NormalizedFX.0 (GlobalSchemaId [id=51])
NormalizedFilterValue.0 (GlobalSchemaId [id=61])
NormalizedKey.0 (GlobalSchemaId [id=50])
NullableLong.0 (GlobalSchemaId [id=37])
OffsetMapExample.0 (GlobalSchemaId [id=58])
PMPnL.0 (GlobalSchemaId [id=17])
PMPnLKey.0 (GlobalSchemaId [id=16])
PMPosition.0 (GlobalSchemaId [id=15])
PMPositionKey.0 (GlobalSchemaId [id=14])
PositionToSecurityKey.0 (GlobalSchemaId [id=44])
PositionToSecurityValue.0 (GlobalSchemaId [id=45])
RawFIXErroredValue.0 (GlobalSchemaId [id=53])
RawFIXFilteredValue.0 (GlobalSchemaId [id=52])
RawFIXKey.0 (GlobalSchemaId [id=20])
RawFIXValue.0 (GlobalSchemaId [id=21])
RicToSecurityKey.0 (GlobalSchemaId [id=46])
RicToSecurityValue.0 (GlobalSchemaId [id=47])
Schema1.0 (GlobalSchemaId [id=54])
Schema2.0 (GlobalSchemaId [id=55])
SchemaEvolutionExample1.0 (GlobalSchemaId [id=8])
SchemaEvolutionExample1.1 (GlobalSchemaId [id=9])
SchemaEvolutionExample1.2 (GlobalSchemaId [id=10])
SchemaEvolutionExample1.3 (GlobalSchemaId [id=402])
SchemaEvolutionExample1.4 (GlobalSchemaId [id=403])
SchemaEvolutionExample1.5 (GlobalSchemaId [id=404])
SchemaKey.0 (GlobalSchemaId [id=103])
SchemaValue.0 (GlobalSchemaId [id=104])
SecurityAttributes.0 (GlobalSchemaId [id=20012])
SecurityAttributesKey.0 (GlobalSchemaId [id=20013])
StateMonitorKey.0 (GlobalSchemaId [id=64])
StateMonitorValueIn.0 (GlobalSchemaId [id=65])
StateMonitorValueOut.0 (GlobalSchemaId [id=66])
StringKey.0 (GlobalSchemaId [id=105])
TestSchemaRestKey.0 (GlobalSchemaId [id=40])
TestSchemaRestKey_2.0 (GlobalSchemaId [id=41])
TickerToSecurityKey.0 (GlobalSchemaId [id=48])
TickerToSecurityValue.0 (GlobalSchemaId [id=49])
TradingBook.0 (GlobalSchemaId [id=10013])
TradingBookByCode.0 (GlobalSchemaId [id=10012])
TransactionEquity.0 (GlobalSchemaId [id=12])
TransactionEquity.1 (GlobalSchemaId [id=38])
TransactionFX.0 (GlobalSchemaId [id=13])
TransactionKey.0 (GlobalSchemaId [id=11])
UnionMixedTypes.0 (GlobalSchemaId [id=29])
WhenThen.0 (GlobalSchemaId [id=30002])
WrapperExample.0 (GlobalSchemaId [id=25])
WrapperExample.1 (GlobalSchemaId [id=26])
externalIdToFirmId.1 (GlobalSchemaId [id=21011])
externalIdToFirmIdKey.1 (GlobalSchemaId [id=21010])
panoSACSecurityToFirm.0 (GlobalSchemaId [id=23017])
panoSACSecurityToFirmKey.0 (GlobalSchemaId [id=23016])
security.1 (GlobalSchemaId [id=20000])
securityException.1 (GlobalSchemaId [id=21000])
securityExceptionKey.1 (GlobalSchemaId [id=30000])
securityKey.1 (GlobalSchemaId [id=20001])

By GlobalId:
GlobalSchemaId [id=1] - BigDecimalExample.0
GlobalSchemaId [id=2] - BigIntegerExample.0
GlobalSchemaId [id=3] - LocalDateExample.0
GlobalSchemaId [id=4] - LocalTimeExample.0
GlobalSchemaId [id=5] - LocalDateTimeExample.0
GlobalSchemaId [id=6] - NestedClassesExample.0
GlobalSchemaId [id=7] - MapListExample.0
GlobalSchemaId [id=8] - SchemaEvolutionExample1.0
GlobalSchemaId [id=9] - SchemaEvolutionExample1.1
GlobalSchemaId [id=10] - SchemaEvolutionExample1.2
GlobalSchemaId [id=11] - TransactionKey.0
GlobalSchemaId [id=12] - TransactionEquity.0
GlobalSchemaId [id=13] - TransactionFX.0
GlobalSchemaId [id=14] - PMPositionKey.0
GlobalSchemaId [id=15] - PMPosition.0
GlobalSchemaId [id=16] - PMPnLKey.0
GlobalSchemaId [id=17] - PMPnL.0
GlobalSchemaId [id=18] - ErrorKey.0
GlobalSchemaId [id=19] - ErrorValue.0
GlobalSchemaId [id=20] - RawFIXKey.0
GlobalSchemaId [id=21] - RawFIXValue.0
GlobalSchemaId [id=23] - EODNotifyKey.0
GlobalSchemaId [id=24] - EODNotify.0
GlobalSchemaId [id=25] - WrapperExample.0
GlobalSchemaId [id=26] - WrapperExample.1
GlobalSchemaId [id=29] - UnionMixedTypes.0
GlobalSchemaId [id=30] - ExplainKey.0
GlobalSchemaId [id=31] - ExplainValue.0
GlobalSchemaId [id=35] - FirmTransactionKey.0
GlobalSchemaId [id=36] - FirmTransactionValue.0
GlobalSchemaId [id=37] - NullableLong.0
GlobalSchemaId [id=38] - TransactionEquity.1
GlobalSchemaId [id=39] - DemoValue.0
GlobalSchemaId [id=40] - TestSchemaRestKey.0
GlobalSchemaId [id=41] - TestSchemaRestKey_2.0
GlobalSchemaId [id=42] - NormalizationRuleKey.0
GlobalSchemaId [id=43] - NormalizationRules.0
GlobalSchemaId [id=44] - PositionToSecurityKey.0
GlobalSchemaId [id=45] - PositionToSecurityValue.0
GlobalSchemaId [id=46] - RicToSecurityKey.0
GlobalSchemaId [id=47] - RicToSecurityValue.0
GlobalSchemaId [id=48] - TickerToSecurityKey.0
GlobalSchemaId [id=49] - TickerToSecurityValue.0
GlobalSchemaId [id=50] - NormalizedKey.0
GlobalSchemaId [id=51] - NormalizedFX.0
GlobalSchemaId [id=52] - RawFIXFilteredValue.0
GlobalSchemaId [id=53] - RawFIXErroredValue.0
GlobalSchemaId [id=54] - Schema1.0
GlobalSchemaId [id=55] - Schema2.0
GlobalSchemaId [id=58] - OffsetMapExample.0
GlobalSchemaId [id=59] - NormalizedEquity.0
GlobalSchemaId [id=60] - NormalizedErrorValue.0
GlobalSchemaId [id=61] - NormalizedFilterValue.0
GlobalSchemaId [id=62] - CheckpointKey.0
GlobalSchemaId [id=63] - CheckpointValue.0
GlobalSchemaId [id=64] - StateMonitorKey.0
GlobalSchemaId [id=65] - StateMonitorValueIn.0
GlobalSchemaId [id=66] - StateMonitorValueOut.0
GlobalSchemaId [id=103] - SchemaKey.0
GlobalSchemaId [id=104] - SchemaValue.0
GlobalSchemaId [id=105] - StringKey.0
GlobalSchemaId [id=201] - EODPMPositionFXRate.0
GlobalSchemaId [id=202] - EODPMPositionPrice.0
GlobalSchemaId [id=203] - EODPMPositionPriceError.0
GlobalSchemaId [id=204] - EODPMPositionPriceErrorKey.0
GlobalSchemaId [id=205] - EODPMPositionFXRateError.0
GlobalSchemaId [id=206] - EODPMPositionFXRateErrorKey.0
GlobalSchemaId [id=402] - SchemaEvolutionExample1.3
GlobalSchemaId [id=403] - SchemaEvolutionExample1.4
GlobalSchemaId [id=404] - SchemaEvolutionExample1.5
GlobalSchemaId [id=510] - NameSpaceByCode.0
GlobalSchemaId [id=511] - NameSpace.0
GlobalSchemaId [id=610] - BrokerByCode.0
GlobalSchemaId [id=611] - Broker.0
GlobalSchemaId [id=615] - Custodian.0
GlobalSchemaId [id=616] - CustodianByCode.0
GlobalSchemaId [id=617] - Currency.0
GlobalSchemaId [id=618] - CurrencyByCode.0
GlobalSchemaId [id=619] - CountryByAlpha2Code.0
GlobalSchemaId [id=620] - CountryByAlpha3Code.0
GlobalSchemaId [id=621] - Country.0
GlobalSchemaId [id=710] - ExchangeByCode.0
GlobalSchemaId [id=711] - Exchange.0
GlobalSchemaId [id=712] - Exchange.1
GlobalSchemaId [id=800] - LegalEntity.0
GlobalSchemaId [id=801] - LegalEntityByCode.0
GlobalSchemaId [id=10010] - BookSetByCode.0
GlobalSchemaId [id=10011] - BookSet.0
GlobalSchemaId [id=10012] - TradingBookByCode.0
GlobalSchemaId [id=10013] - TradingBook.0
GlobalSchemaId [id=10101] - EntityRelationship.0
GlobalSchemaId [id=20000] - security.1
GlobalSchemaId [id=20001] - securityKey.1
GlobalSchemaId [id=20012] - SecurityAttributes.0
GlobalSchemaId [id=20013] - SecurityAttributesKey.0
GlobalSchemaId [id=21000] - securityException.1
GlobalSchemaId [id=21010] - externalIdToFirmIdKey.1
GlobalSchemaId [id=21011] - externalIdToFirmId.1
GlobalSchemaId [id=23016] - panoSACSecurityToFirmKey.0
GlobalSchemaId [id=23017] - panoSACSecurityToFirm.0
GlobalSchemaId [id=30000] - securityExceptionKey.1
GlobalSchemaId [id=30001] - DroolsRule.0
GlobalSchemaId [id=30002] - WhenThen.0
, firm.value.schema=SchemaId [name=Schema1, version=0]}]
Successfully logged in.
It is a Kerberos ticket
Found TGT with client principal 'svcusldwdevtest@SACCAP.INT' and server principal 'krbtgt/SACCAP.INT@SACCAP.INT'.
TGT refresh thread started.
Found TGT with client principal 'svcusldwdevtest@SACCAP.INT' and server principal 'krbtgt/SACCAP.INT@SACCAP.INT'.
TGT valid starting at: Tue Feb 06 16:09:20 EST 2018
TGT expires: Wed Feb 07 06:09:20 EST 2018
TGT refresh sleeping until: Wed Feb 07 03:55:11 EST 2018
Initialized with config: [{security.protocol=SASL_PLAINTEXT, key.deserializer=com.hortonworks.registries.schemaregistry.serdes.avro.kafka.KafkaAvroDeserializer, value.deserializer=com.hortonworks.registries.schemaregistry.serdes.avro.kafka.KafkaAvroDeserializer, enable.auto.commit=false, group.id=avroTest1, firm.key.schema=SchemaId [name=BigDecimalExample, version=0], bootstrap.servers=ip-172-30-147-33.saccap.int:9100, firm.schema.registry=firm.schema.common.schema.AbstractSchemaRegistry
By Name:
BigDecimalExample.0 (GlobalSchemaId [id=1])
BigIntegerExample.0 (GlobalSchemaId [id=2])
BookSet.0 (GlobalSchemaId [id=10011])
BookSetByCode.0 (GlobalSchemaId [id=10010])
Broker.0 (GlobalSchemaId [id=611])
BrokerByCode.0 (GlobalSchemaId [id=610])
CheckpointKey.0 (GlobalSchemaId [id=62])
CheckpointValue.0 (GlobalSchemaId [id=63])
Country.0 (GlobalSchemaId [id=621])
CountryByAlpha2Code.0 (GlobalSchemaId [id=619])
CountryByAlpha3Code.0 (GlobalSchemaId [id=620])
Currency.0 (GlobalSchemaId [id=617])
CurrencyByCode.0 (GlobalSchemaId [id=618])
Custodian.0 (GlobalSchemaId [id=615])
CustodianByCode.0 (GlobalSchemaId [id=616])
DemoValue.0 (GlobalSchemaId [id=39])
DroolsRule.0 (GlobalSchemaId [id=30001])
EODNotify.0 (GlobalSchemaId [id=24])
EODNotifyKey.0 (GlobalSchemaId [id=23])
EODPMPositionFXRate.0 (GlobalSchemaId [id=201])
EODPMPositionFXRateError.0 (GlobalSchemaId [id=205])
EODPMPositionFXRateErrorKey.0 (GlobalSchemaId [id=206])
EODPMPositionPrice.0 (GlobalSchemaId [id=202])
EODPMPositionPriceError.0 (GlobalSchemaId [id=203])
EODPMPositionPriceErrorKey.0 (GlobalSchemaId [id=204])
EntityRelationship.0 (GlobalSchemaId [id=10101])
ErrorKey.0 (GlobalSchemaId [id=18])
ErrorValue.0 (GlobalSchemaId [id=19])
Exchange.0 (GlobalSchemaId [id=711])
Exchange.1 (GlobalSchemaId [id=712])
ExchangeByCode.0 (GlobalSchemaId [id=710])
ExplainKey.0 (GlobalSchemaId [id=30])
ExplainValue.0 (GlobalSchemaId [id=31])
FirmTransactionKey.0 (GlobalSchemaId [id=35])
FirmTransactionValue.0 (GlobalSchemaId [id=36])
LegalEntity.0 (GlobalSchemaId [id=800])
LegalEntityByCode.0 (GlobalSchemaId [id=801])
LocalDateExample.0 (GlobalSchemaId [id=3])
LocalDateTimeExample.0 (GlobalSchemaId [id=5])
LocalTimeExample.0 (GlobalSchemaId [id=4])
MapListExample.0 (GlobalSchemaId [id=7])
NameSpace.0 (GlobalSchemaId [id=511])
NameSpaceByCode.0 (GlobalSchemaId [id=510])
NestedClassesExample.0 (GlobalSchemaId [id=6])
NormalizationRuleKey.0 (GlobalSchemaId [id=42])
NormalizationRules.0 (GlobalSchemaId [id=43])
NormalizedEquity.0 (GlobalSchemaId [id=59])
NormalizedErrorValue.0 (GlobalSchemaId [id=60])
NormalizedFX.0 (GlobalSchemaId [id=51])
NormalizedFilterValue.0 (GlobalSchemaId [id=61])
NormalizedKey.0 (GlobalSchemaId [id=50])
NullableLong.0 (GlobalSchemaId [id=37])
OffsetMapExample.0 (GlobalSchemaId [id=58])
PMPnL.0 (GlobalSchemaId [id=17])
PMPnLKey.0 (GlobalSchemaId [id=16])
PMPosition.0 (GlobalSchemaId [id=15])
PMPositionKey.0 (GlobalSchemaId [id=14])
PositionToSecurityKey.0 (GlobalSchemaId [id=44])
PositionToSecurityValue.0 (GlobalSchemaId [id=45])
RawFIXErroredValue.0 (GlobalSchemaId [id=53])
RawFIXFilteredValue.0 (GlobalSchemaId [id=52])
RawFIXKey.0 (GlobalSchemaId [id=20])
RawFIXValue.0 (GlobalSchemaId [id=21])
RicToSecurityKey.0 (GlobalSchemaId [id=46])
RicToSecurityValue.0 (GlobalSchemaId [id=47])
Schema1.0 (GlobalSchemaId [id=54])
Schema2.0 (GlobalSchemaId [id=55])
SchemaEvolutionExample1.0 (GlobalSchemaId [id=8])
SchemaEvolutionExample1.1 (GlobalSchemaId [id=9])
SchemaEvolutionExample1.2 (GlobalSchemaId [id=10])
SchemaEvolutionExample1.3 (GlobalSchemaId [id=402])
SchemaEvolutionExample1.4 (GlobalSchemaId [id=403])
SchemaEvolutionExample1.5 (GlobalSchemaId [id=404])
SchemaKey.0 (GlobalSchemaId [id=103])
SchemaValue.0 (GlobalSchemaId [id=104])
SecurityAttributes.0 (GlobalSchemaId [id=20012])
SecurityAttributesKey.0 (GlobalSchemaId [id=20013])
StateMonitorKey.0 (GlobalSchemaId [id=64])
StateMonitorValueIn.0 (GlobalSchemaId [id=65])
StateMonitorValueOut.0 (GlobalSchemaId [id=66])
StringKey.0 (GlobalSchemaId [id=105])
TestSchemaRestKey.0 (GlobalSchemaId [id=40])
TestSchemaRestKey_2.0 (GlobalSchemaId [id=41])
TickerToSecurityKey.0 (GlobalSchemaId [id=48])
TickerToSecurityValue.0 (GlobalSchemaId [id=49])
TradingBook.0 (GlobalSchemaId [id=10013])
TradingBookByCode.0 (GlobalSchemaId [id=10012])
TransactionEquity.0 (GlobalSchemaId [id=12])
TransactionEquity.1 (GlobalSchemaId [id=38])
TransactionFX.0 (GlobalSchemaId [id=13])
TransactionKey.0 (GlobalSchemaId [id=11])
UnionMixedTypes.0 (GlobalSchemaId [id=29])
WhenThen.0 (GlobalSchemaId [id=30002])
WrapperExample.0 (GlobalSchemaId [id=25])
WrapperExample.1 (GlobalSchemaId [id=26])
externalIdToFirmId.1 (GlobalSchemaId [id=21011])
externalIdToFirmIdKey.1 (GlobalSchemaId [id=21010])
panoSACSecurityToFirm.0 (GlobalSchemaId [id=23017])
panoSACSecurityToFirmKey.0 (GlobalSchemaId [id=23016])
security.1 (GlobalSchemaId [id=20000])
securityException.1 (GlobalSchemaId [id=21000])
securityExceptionKey.1 (GlobalSchemaId [id=30000])
securityKey.1 (GlobalSchemaId [id=20001])

By GlobalId:
GlobalSchemaId [id=1] - BigDecimalExample.0
GlobalSchemaId [id=2] - BigIntegerExample.0
GlobalSchemaId [id=3] - LocalDateExample.0
GlobalSchemaId [id=4] - LocalTimeExample.0
GlobalSchemaId [id=5] - LocalDateTimeExample.0
GlobalSchemaId [id=6] - NestedClassesExample.0
GlobalSchemaId [id=7] - MapListExample.0
GlobalSchemaId [id=8] - SchemaEvolutionExample1.0
GlobalSchemaId [id=9] - SchemaEvolutionExample1.1
GlobalSchemaId [id=10] - SchemaEvolutionExample1.2
GlobalSchemaId [id=11] - TransactionKey.0
GlobalSchemaId [id=12] - TransactionEquity.0
GlobalSchemaId [id=13] - TransactionFX.0
GlobalSchemaId [id=14] - PMPositionKey.0
GlobalSchemaId [id=15] - PMPosition.0
GlobalSchemaId [id=16] - PMPnLKey.0
GlobalSchemaId [id=17] - PMPnL.0
GlobalSchemaId [id=18] - ErrorKey.0
GlobalSchemaId [id=19] - ErrorValue.0
GlobalSchemaId [id=20] - RawFIXKey.0
GlobalSchemaId [id=21] - RawFIXValue.0
GlobalSchemaId [id=23] - EODNotifyKey.0
GlobalSchemaId [id=24] - EODNotify.0
GlobalSchemaId [id=25] - WrapperExample.0
GlobalSchemaId [id=26] - WrapperExample.1
GlobalSchemaId [id=29] - UnionMixedTypes.0
GlobalSchemaId [id=30] - ExplainKey.0
GlobalSchemaId [id=31] - ExplainValue.0
GlobalSchemaId [id=35] - FirmTransactionKey.0
GlobalSchemaId [id=36] - FirmTransactionValue.0
GlobalSchemaId [id=37] - NullableLong.0
GlobalSchemaId [id=38] - TransactionEquity.1
GlobalSchemaId [id=39] - DemoValue.0
GlobalSchemaId [id=40] - TestSchemaRestKey.0
GlobalSchemaId [id=41] - TestSchemaRestKey_2.0
GlobalSchemaId [id=42] - NormalizationRuleKey.0
GlobalSchemaId [id=43] - NormalizationRules.0
GlobalSchemaId [id=44] - PositionToSecurityKey.0
GlobalSchemaId [id=45] - PositionToSecurityValue.0
GlobalSchemaId [id=46] - RicToSecurityKey.0
GlobalSchemaId [id=47] - RicToSecurityValue.0
GlobalSchemaId [id=48] - TickerToSecurityKey.0
GlobalSchemaId [id=49] - TickerToSecurityValue.0
GlobalSchemaId [id=50] - NormalizedKey.0
GlobalSchemaId [id=51] - NormalizedFX.0
GlobalSchemaId [id=52] - RawFIXFilteredValue.0
GlobalSchemaId [id=53] - RawFIXErroredValue.0
GlobalSchemaId [id=54] - Schema1.0
GlobalSchemaId [id=55] - Schema2.0
GlobalSchemaId [id=58] - OffsetMapExample.0
GlobalSchemaId [id=59] - NormalizedEquity.0
GlobalSchemaId [id=60] - NormalizedErrorValue.0
GlobalSchemaId [id=61] - NormalizedFilterValue.0
GlobalSchemaId [id=62] - CheckpointKey.0
GlobalSchemaId [id=63] - CheckpointValue.0
GlobalSchemaId [id=64] - StateMonitorKey.0
GlobalSchemaId [id=65] - StateMonitorValueIn.0
GlobalSchemaId [id=66] - StateMonitorValueOut.0
GlobalSchemaId [id=103] - SchemaKey.0
GlobalSchemaId [id=104] - SchemaValue.0
GlobalSchemaId [id=105] - StringKey.0
GlobalSchemaId [id=201] - EODPMPositionFXRate.0
GlobalSchemaId [id=202] - EODPMPositionPrice.0
GlobalSchemaId [id=203] - EODPMPositionPriceError.0
GlobalSchemaId [id=204] - EODPMPositionPriceErrorKey.0
GlobalSchemaId [id=205] - EODPMPositionFXRateError.0
GlobalSchemaId [id=206] - EODPMPositionFXRateErrorKey.0
GlobalSchemaId [id=402] - SchemaEvolutionExample1.3
GlobalSchemaId [id=403] - SchemaEvolutionExample1.4
GlobalSchemaId [id=404] - SchemaEvolutionExample1.5
GlobalSchemaId [id=510] - NameSpaceByCode.0
GlobalSchemaId [id=511] - NameSpace.0
GlobalSchemaId [id=610] - BrokerByCode.0
GlobalSchemaId [id=611] - Broker.0
GlobalSchemaId [id=615] - Custodian.0
GlobalSchemaId [id=616] - CustodianByCode.0
GlobalSchemaId [id=617] - Currency.0
GlobalSchemaId [id=618] - CurrencyByCode.0
GlobalSchemaId [id=619] - CountryByAlpha2Code.0
GlobalSchemaId [id=620] - CountryByAlpha3Code.0
GlobalSchemaId [id=621] - Country.0
GlobalSchemaId [id=710] - ExchangeByCode.0
GlobalSchemaId [id=711] - Exchange.0
GlobalSchemaId [id=712] - Exchange.1
GlobalSchemaId [id=800] - LegalEntity.0
GlobalSchemaId [id=801] - LegalEntityByCode.0
GlobalSchemaId [id=10010] - BookSetByCode.0
GlobalSchemaId [id=10011] - BookSet.0
GlobalSchemaId [id=10012] - TradingBookByCode.0
GlobalSchemaId [id=10013] - TradingBook.0
GlobalSchemaId [id=10101] - EntityRelationship.0
GlobalSchemaId [id=20000] - security.1
GlobalSchemaId [id=20001] - securityKey.1
GlobalSchemaId [id=20012] - SecurityAttributes.0
GlobalSchemaId [id=20013] - SecurityAttributesKey.0
GlobalSchemaId [id=21000] - securityException.1
GlobalSchemaId [id=21010] - externalIdToFirmIdKey.1
GlobalSchemaId [id=21011] - externalIdToFirmId.1
GlobalSchemaId [id=23016] - panoSACSecurityToFirmKey.0
GlobalSchemaId [id=23017] - panoSACSecurityToFirm.0
GlobalSchemaId [id=30000] - securityExceptionKey.1
GlobalSchemaId [id=30001] - DroolsRule.0
GlobalSchemaId [id=30002] - WhenThen.0
, firm.value.schema=SchemaId [name=Schema1, version=0]}]
Updated cluster metadata version 1 to Cluster(id = null, nodes = [ip-172-30-147-33.saccap.int:9100 (id: -1 rack: null)], partitions = [])
Successfully logged in.
It is a Kerberos ticket
TGT refresh thread started.
Found TGT with client principal 'svcusldwdevtest@SACCAP.INT' and server principal 'krbtgt/SACCAP.INT@SACCAP.INT'.
TGT valid starting at: Tue Feb 06 16:09:20 EST 2018
TGT expires: Wed Feb 07 06:09:20 EST 2018
TGT refresh sleeping until: Wed Feb 07 03:53:09 EST 2018
Added sensor with name connections-closed:
Added sensor with name connections-created:
Added sensor with name bytes-sent-received:
Added sensor with name bytes-sent:
Added sensor with name bytes-received:
Added sensor with name select-time:
Added sensor with name io-time:
Added sensor with name heartbeat-latency
Added sensor with name join-latency
Added sensor with name sync-latency
Added sensor with name commit-latency
Added sensor with name bytes-fetched
Added sensor with name records-fetched
Added sensor with name fetch-latency
Added sensor with name records-lag
Added sensor with name fetch-throttle-time
The configuration 'firm.key.schema' was supplied but isn't a known config.
The configuration 'firm.schema.registry' was supplied but isn't a known config.
The configuration 'firm.value.schema' was supplied but isn't a known config.
Kafka version : 0.10.1.0
Kafka commitId : 3402a74efb23d1d4
Kafka consumer created
Initiating connection to node -1 at ip-172-30-147-33.saccap.int:9100.
Set SASL client state to SEND_HANDSHAKE_REQUEST
Creating SaslClient: client=svcusldwdevtest@SACCAP.INT;service=svcusldwdevkafka;serviceHostname=ip-172-30-147-33.saccap.int;mechs=[GSSAPI]
Added sensor with name node--1.bytes-sent
Added sensor with name node--1.bytes-received
Added sensor with name node--1.latency
Created socket with SO_RCVBUF = 65536, SO_SNDBUF = 131072, SO_TIMEOUT = 0 to node -1
Set SASL client state to RECEIVE_HANDSHAKE_RESPONSE
Completed connection to node -1
Set SASL client state to INITIAL
Set SASL client state to INTERMEDIATE
Set SASL client state to COMPLETE
Sending metadata request {topics=[]} to node -1
Updated cluster metadata version 2 to Cluster(id = ylQq05ZNSOihwf15VJMvaw, nodes = [ip-172-30-147-8.saccap.int:9100 (id: 1005 rack: /default-rack), ip-172-30-147-78.saccap.int:9100 (id: 1006 rack: /default-rack), ip-172-30-147-33.saccap.int:9100 (id: 1004 rack: /default-rack)], partitions = [])
Subscribed to partition(s): avroTest4-23, avroTest4-32, avroTest4-41, avroTest4-35, avroTest4-44, avroTest4-17, avroTest4-8, avroTest4-26, avroTest4-11, avroTest4-47, avroTest4-38, avroTest4-29, avroTest4-20, avroTest4-2, avroTest4-5, avroTest4-14, avroTest4-46, avroTest4-40, avroTest4-49, avroTest4-13, avroTest4-4, avroTest4-22, avroTest4-31, avroTest4-16, avroTest4-7, avroTest4-43, avroTest4-25, avroTest4-34, avroTest4-10, avroTest4-37, avroTest4-1, avroTest4-19, avroTest4-28, avroTest4-45, avroTest4-27, avroTest4-36, avroTest4-18, avroTest4-9, avroTest4-48, avroTest4-21, avroTest4-12, avroTest4-3, avroTest4-30, avroTest4-39, avroTest4-15, avroTest4-42, avroTest4-6, avroTest4-24, avroTest4-33, avroTest4-0
Seeking to beginning of partition avroTest4-23
Seeking to beginning of partition avroTest4-32
Seeking to beginning of partition avroTest4-41
Seeking to beginning of partition avroTest4-35
Seeking to beginning of partition avroTest4-44
Seeking to beginning of partition avroTest4-17
Seeking to beginning of partition avroTest4-8
Seeking to beginning of partition avroTest4-26
Seeking to beginning of partition avroTest4-11
Seeking to beginning of partition avroTest4-47
Seeking to beginning of partition avroTest4-38
Seeking to beginning of partition avroTest4-29
Seeking to beginning of partition avroTest4-20
Seeking to beginning of partition avroTest4-2
Seeking to beginning of partition avroTest4-5
Seeking to beginning of partition avroTest4-14
Seeking to beginning of partition avroTest4-46
Seeking to beginning of partition avroTest4-40
Seeking to beginning of partition avroTest4-49
Seeking to beginning of partition avroTest4-13
Seeking to beginning of partition avroTest4-4
Seeking to beginning of partition avroTest4-22
Seeking to beginning of partition avroTest4-31
Seeking to beginning of partition avroTest4-16
Seeking to beginning of partition avroTest4-7
Seeking to beginning of partition avroTest4-43
Seeking to beginning of partition avroTest4-25
Seeking to beginning of partition avroTest4-34
Seeking to beginning of partition avroTest4-10
Seeking to beginning of partition avroTest4-37
Seeking to beginning of partition avroTest4-1
Seeking to beginning of partition avroTest4-19
Seeking to beginning of partition avroTest4-28
Seeking to beginning of partition avroTest4-45
Seeking to beginning of partition avroTest4-27
Seeking to beginning of partition avroTest4-36
Seeking to beginning of partition avroTest4-18
Seeking to beginning of partition avroTest4-9
Seeking to beginning of partition avroTest4-48
Seeking to beginning of partition avroTest4-21
Seeking to beginning of partition avroTest4-12
Seeking to beginning of partition avroTest4-3
Seeking to beginning of partition avroTest4-30
Seeking to beginning of partition avroTest4-39
Seeking to beginning of partition avroTest4-15
Seeking to beginning of partition avroTest4-42
Seeking to beginning of partition avroTest4-6
Seeking to beginning of partition avroTest4-24
Seeking to beginning of partition avroTest4-33
Seeking to beginning of partition avroTest4-0
Partition avroTest4-24 is unknown for fetching offset, wait for metadata refresh
Initialize connection to node 1006 for sending metadata request
Initiating connection to node 1006 at ip-172-30-147-78.saccap.int:9100.
Set SASL client state to SEND_HANDSHAKE_REQUEST
Creating SaslClient: client=svcusldwdevtest@SACCAP.INT;service=svcusldwdevkafka;serviceHostname=ip-172-30-147-78.saccap.int;mechs=[GSSAPI]
Initialize connection to node 1005 for sending metadata request
Initiating connection to node 1005 at ip-172-30-147-8.saccap.int:9100.
Set SASL client state to SEND_HANDSHAKE_REQUEST
Creating SaslClient: client=svcusldwdevtest@SACCAP.INT;service=svcusldwdevkafka;serviceHostname=ip-172-30-147-8.saccap.int;mechs=[GSSAPI]
Added sensor with name node-1006.bytes-sent
Added sensor with name node-1006.bytes-received
Added sensor with name node-1006.latency
Created socket with SO_RCVBUF = 65536, SO_SNDBUF = 131072, SO_TIMEOUT = 0 to node 1006
Set SASL client state to RECEIVE_HANDSHAKE_RESPONSE
Completed connection to node 1006
Added sensor with name node-1005.bytes-sent
Added sensor with name node-1005.bytes-received
Added sensor with name node-1005.latency
Created socket with SO_RCVBUF = 65536, SO_SNDBUF = 131072, SO_TIMEOUT = 0 to node 1005
Set SASL client state to RECEIVE_HANDSHAKE_RESPONSE
Completed connection to node 1005
Set SASL client state to INITIAL
Set SASL client state to INTERMEDIATE
Set SASL client state to INITIAL
Set SASL client state to INTERMEDIATE
Set SASL client state to COMPLETE
Set SASL client state to COMPLETE
Sending metadata request {topics=[avroTest4]} to node 1006
Updated cluster metadata version 3 to Cluster(id = ylQq05ZNSOihwf15VJMvaw, nodes = [ip-172-30-147-33.saccap.int:9100 (id: 1004 rack: /default-rack), ip-172-30-147-8.saccap.int:9100 (id: 1005 rack: /default-rack), ip-172-30-147-78.saccap.int:9100 (id: 1006 rack: /default-rack)], partitions = [Partition(topic = avroTest4, partition = 24, leader = 1004, replicas = [1004,1005,1006,], isr = [1004,1005,1006,]), Partition(topic = avroTest4, partition = 20, leader = 1006, replicas = [1004,1005,1006,], isr = [1006,1004,1005,]), Partition(topic = avroTest4, partition = 32, leader = 1006, replicas = [1004,1005,1006,], isr = [1006,1004,1005,]), Partition(topic = avroTest4, partition = 28, leader = 1005, replicas = [1004,1005,1006,], isr = [1005,1004,1006,]), Partition(topic = avroTest4, partition = 40, leader = 1005, replicas = [1004,1005,1006,], isr = [1005,1004,1006,]), Partition(topic = avroTest4, partition = 7, leader = 1005, replicas = [1004,1005,1006,], isr = [1005,1006,1004,]), Partition(topic = avroTest4, partition = 36, leader = 1004, replicas = [1004,1005,1006,], isr = [1004,1005,1006,]), Partition(topic = avroTest4, partition = 3, leader = 1004, replicas = [1004,1005,1006,], isr = [1004,1006,1005,]), Partition(topic = avroTest4, partition = 48, leader = 1004, replicas = [1004,1005,1006,], isr = [1004,1005,1006,]), Partition(topic = avroTest4, partition = 15, leader = 1004, replicas = [1004,1005,1006,], isr = [1004,1006,1005,]), Partition(topic = avroTest4, partition = 44, leader = 1006, replicas = [1004,1005,1006,], isr = [1006,1004,1005,]), Partition(topic = avroTest4, partition = 11, leader = 1006, replicas = [1004,1005,1006,], isr = [1006,1005,1004,]), Partition(topic = avroTest4, partition = 23, leader = 1006, replicas = [1004,1005,1006,], isr = [1006,1005,1004,]), Partition(topic = avroTest4, partition = 19, leader = 1005, replicas = [1004,1005,1006,], isr = [1005,1006,1004,]), Partition(topic = avroTest4, partition = 31, leader = 1005, replicas = [1004,1005,1006,], isr = [1005,1006,1004,]), Partition(topic = avroTest4, partition = 27, leader = 1004, replicas = [1004,1005,1006,], isr = [1004,1006,1005,]), Partition(topic = avroTest4, partition = 39, leader = 1004, replicas = [1004,1005,1006,], isr = [1004,1006,1005,]), Partition(topic = avroTest4, partition = 6, leader = 1004, replicas = [1004,1005,1006,], isr = [1004,1005,1006,]), Partition(topic = avroTest4, partition = 35, leader = 1006, replicas = [1004,1005,1006,], isr = [1006,1005,1004,]), Partition(topic = avroTest4, partition = 2, leader = 1006, replicas = [1004,1005,1006,], isr = [1006,1004,1005,]), Partition(topic = avroTest4, partition = 47, leader = 1006, replicas = [1004,1005,1006,], isr = [1006,1005,1004,]), Partition(topic = avroTest4, partition = 14, leader = 1006, replicas = [1004,1005,1006,], isr = [1006,1004,1005,]), Partition(topic = avroTest4, partition = 43, leader = 1005, replicas = [1004,1005,1006,], isr = [1005,1006,1004,]), Partition(topic = avroTest4, partition = 10, leader = 1005, replicas = [1004,1005,1006,], isr = [1005,1004,1006,]), Partition(topic = avroTest4, partition = 22, leader = 1005, replicas = [1004,1005,1006,], isr = [1005,1004,1006,]), Partition(topic = avroTest4, partition = 18, leader = 1004, replicas = [1004,1005,1006,], isr = [1004,1005,1006,]), Partition(topic = avroTest4, partition = 1, leader = 1005, replicas = [1004,1005,1006,], isr = [1005,1006,1004,]), Partition(topic = avroTest4, partition = 30, leader = 1004, replicas = [1004,1005,1006,], isr = [1004,1005,1006,]), Partition(topic = avroTest4, partition = 26, leader = 1006, replicas = [1004,1005,1006,], isr = [1006,1004,1005,]), Partition(topic = avroTest4, partition = 9, leader = 1004, replicas = [1004,1005,1006,], isr = [1004,1006,1005,]), Partition(topic = avroTest4, partition = 38, leader = 1006, replicas = [1004,1005,1006,], isr = [1006,1004,1005,]), Partition(topic = avroTest4, partition = 5, leader = 1006, replicas = [1004,1005,1006,], isr = [1006,1005,1004,]), Partition(topic = avroTest4, partition = 34, leader = 1005, replicas = [1004,1005,1006,], isr = [1005,1004,1006,]), Partition(topic = avroTest4, partition = 17, leader = 1006, replicas = [1004,1005,1006,], isr = [1006,1005,1004,]), Partition(topic = avroTest4, partition = 46, leader = 1005, replicas = [1004,1005,1006,], isr = [1005,1004,1006,]), Partition(topic = avroTest4, partition = 13, leader = 1005, replicas = [1004,1005,1006,], isr = [1005,1006,1004,]), Partition(topic = avroTest4, partition = 42, leader = 1004, replicas = [1004,1005,1006,], isr = [1004,1005,1006,]), Partition(topic = avroTest4, partition = 25, leader = 1005, replicas = [1004,1005,1006,], isr = [1005,1006,1004,]), Partition(topic = avroTest4, partition = 21, leader = 1004, replicas = [1004,1005,1006,], isr = [1004,1006,1005,]), Partition(topic = avroTest4, partition = 33, leader = 1004, replicas = [1004,1005,1006,], isr = [1004,1006,1005,]), Partition(topic = avroTest4, partition = 0, leader = 1004, replicas = [1004,1005,1006,], isr = [1004,1005,1006,]), Partition(topic = avroTest4, partition = 29, leader = 1006, replicas = [1004,1005,1006,], isr = [1006,1005,1004,]), Partition(topic = avroTest4, partition = 41, leader = 1006, replicas = [1004,1005,1006,], isr = [1006,1005,1004,]), Partition(topic = avroTest4, partition = 8, leader = 1006, replicas = [1004,1005,1006,], isr = [1006,1004,1005,]), Partition(topic = avroTest4, partition = 37, leader = 1005, replicas = [1004,1005,1006,], isr = [1005,1006,1004,]), Partition(topic = avroTest4, partition = 4, leader = 1005, replicas = [1004,1005,1006,], isr = [1005,1004,1006,]), Partition(topic = avroTest4, partition = 49, leader = 1005, replicas = [1004,1005,1006,], isr = [1005,1006,1004,]), Partition(topic = avroTest4, partition = 16, leader = 1005, replicas = [1004,1005,1006,], isr = [1005,1004,1006,]), Partition(topic = avroTest4, partition = 45, leader = 1004, replicas = [1004,1005,1006,], isr = [1004,1006,1005,]), Partition(topic = avroTest4, partition = 12, leader = 1004, replicas = [1004,1005,1006,], isr = [1004,1005,1006,])])
Initiating connection to node 1004 at ip-172-30-147-33.saccap.int:9100.
Set SASL client state to SEND_HANDSHAKE_REQUEST
Creating SaslClient: client=svcusldwdevtest@SACCAP.INT;service=svcusldwdevkafka;serviceHostname=ip-172-30-147-33.saccap.int;mechs=[GSSAPI]
Added sensor with name node-1004.bytes-sent
Added sensor with name node-1004.bytes-received
Added sensor with name node-1004.latency
Created socket with SO_RCVBUF = 65536, SO_SNDBUF = 131072, SO_TIMEOUT = 0 to node 1004
Set SASL client state to RECEIVE_HANDSHAKE_RESPONSE
Completed connection to node 1004
Fetched {timestamp=-1, offset=0} for partition avroTest4-23
Fetched {timestamp=-1, offset=0} for partition avroTest4-20
Fetched {timestamp=-1, offset=0} for partition avroTest4-32
Fetched {timestamp=-1, offset=0} for partition avroTest4-29
Fetched {timestamp=-1, offset=0} for partition avroTest4-26
Fetched {timestamp=-1, offset=0} for partition avroTest4-41
Fetched {timestamp=-1, offset=0} for partition avroTest4-8
Fetched {timestamp=-1, offset=0} for partition avroTest4-38
Fetched {timestamp=-1, offset=0} for partition avroTest4-5
Fetched {timestamp=-1, offset=0} for partition avroTest4-35
Fetched {timestamp=-1, offset=0} for partition avroTest4-2
Fetched {timestamp=-1, offset=0} for partition avroTest4-17
Fetched {timestamp=-1, offset=0} for partition avroTest4-47
Fetched {timestamp=-1, offset=0} for partition avroTest4-14
Fetched {timestamp=-1, offset=0} for partition avroTest4-44
Fetched {timestamp=-1, offset=0} for partition avroTest4-11
Fetched {timestamp=-1, offset=0} for partition avroTest4-25
Fetched {timestamp=-1, offset=0} for partition avroTest4-22
Fetched {timestamp=-1, offset=0} for partition avroTest4-19
Fetched {timestamp=-1, offset=0} for partition avroTest4-1
Fetched {timestamp=-1, offset=0} for partition avroTest4-31
Fetched {timestamp=-1, offset=0} for partition avroTest4-28
Fetched {timestamp=-1, offset=0} for partition avroTest4-40
Fetched {timestamp=-1, offset=0} for partition avroTest4-7
Fetched {timestamp=-1, offset=0} for partition avroTest4-37
Fetched {timestamp=-1, offset=0} for partition avroTest4-4
Fetched {timestamp=-1, offset=0} for partition avroTest4-34
Fetched {timestamp=-1, offset=0} for partition avroTest4-49
Fetched {timestamp=-1, offset=0} for partition avroTest4-16
Fetched {timestamp=-1, offset=0} for partition avroTest4-46
Fetched {timestamp=-1, offset=0} for partition avroTest4-13
Fetched {timestamp=-1, offset=0} for partition avroTest4-43
Fetched {timestamp=-1, offset=0} for partition avroTest4-10
Set SASL client state to INITIAL
Set SASL client state to INTERMEDIATE
Set SASL client state to COMPLETE
Fetched {timestamp=-1, offset=0} for partition avroTest4-24
Fetched {timestamp=-1, offset=0} for partition avroTest4-21
Fetched {timestamp=-1, offset=0} for partition avroTest4-18
Fetched {timestamp=-1, offset=0} for partition avroTest4-33
Fetched {timestamp=-1, offset=0} for partition avroTest4-0
Fetched {timestamp=-1, offset=0} for partition avroTest4-30
Fetched {timestamp=-1, offset=0} for partition avroTest4-27
Fetched {timestamp=-1, offset=0} for partition avroTest4-9
Fetched {timestamp=-1, offset=0} for partition avroTest4-39
Fetched {timestamp=-1, offset=0} for partition avroTest4-6
Fetched {timestamp=-1, offset=0} for partition avroTest4-36
Fetched {timestamp=-1, offset=0} for partition avroTest4-3
Fetched {timestamp=-1, offset=0} for partition avroTest4-48
Fetched {timestamp=-1, offset=0} for partition avroTest4-15
Fetched {timestamp=-1, offset=0} for partition avroTest4-45
Fetched {timestamp=-1, offset=0} for partition avroTest4-12
Fetched {timestamp=-1, offset=0} for partition avroTest4-42
Fetched {timestamp=-1, offset=200089} for partition avroTest4-24
Fetched {timestamp=-1, offset=200214} for partition avroTest4-21
Fetched {timestamp=-1, offset=200542} for partition avroTest4-18
Fetched {timestamp=-1, offset=200812} for partition avroTest4-33
Fetched {timestamp=-1, offset=199801} for partition avroTest4-0
Fetched {timestamp=-1, offset=200567} for partition avroTest4-30
Fetched {timestamp=-1, offset=200670} for partition avroTest4-27
Fetched {timestamp=-1, offset=199180} for partition avroTest4-9
Fetched {timestamp=-1, offset=200796} for partition avroTest4-39
Fetched {timestamp=-1, offset=200073} for partition avroTest4-6
Fetched {timestamp=-1, offset=200262} for partition avroTest4-36
Fetched {timestamp=-1, offset=200276} for partition avroTest4-3
Fetched {timestamp=-1, offset=200024} for partition avroTest4-48
Fetched {timestamp=-1, offset=199201} for partition avroTest4-15
Fetched {timestamp=-1, offset=200458} for partition avroTest4-45
Fetched {timestamp=-1, offset=199338} for partition avroTest4-12
Fetched {timestamp=-1, offset=199880} for partition avroTest4-42
Fetched {timestamp=-1, offset=199897} for partition avroTest4-23
Fetched {timestamp=-1, offset=199810} for partition avroTest4-20
Fetched {timestamp=-1, offset=200578} for partition avroTest4-32
Fetched {timestamp=-1, offset=200291} for partition avroTest4-29
Fetched {timestamp=-1, offset=199795} for partition avroTest4-26
Fetched {timestamp=-1, offset=199502} for partition avroTest4-41
Fetched {timestamp=-1, offset=200213} for partition avroTest4-8
Fetched {timestamp=-1, offset=199108} for partition avroTest4-38
Fetched {timestamp=-1, offset=199868} for partition avroTest4-5
Fetched {timestamp=-1, offset=200044} for partition avroTest4-35
Fetched {timestamp=-1, offset=200140} for partition avroTest4-2
Fetched {timestamp=-1, offset=199548} for partition avroTest4-17
Fetched {timestamp=-1, offset=200071} for partition avroTest4-47
Fetched {timestamp=-1, offset=199853} for partition avroTest4-14
Fetched {timestamp=-1, offset=200396} for partition avroTest4-44
Fetched {timestamp=-1, offset=200341} for partition avroTest4-11
Fetched {timestamp=-1, offset=200123} for partition avroTest4-25
Fetched {timestamp=-1, offset=200431} for partition avroTest4-22
Fetched {timestamp=-1, offset=199792} for partition avroTest4-19
Fetched {timestamp=-1, offset=199665} for partition avroTest4-1
Fetched {timestamp=-1, offset=199811} for partition avroTest4-31
Fetched {timestamp=-1, offset=200280} for partition avroTest4-28
Fetched {timestamp=-1, offset=199953} for partition avroTest4-40
Fetched {timestamp=-1, offset=200007} for partition avroTest4-7
Fetched {timestamp=-1, offset=199734} for partition avroTest4-37
Fetched {timestamp=-1, offset=199341} for partition avroTest4-4
Fetched {timestamp=-1, offset=199848} for partition avroTest4-34
Fetched {timestamp=-1, offset=200449} for partition avroTest4-49
Fetched {timestamp=-1, offset=199834} for partition avroTest4-16
Fetched {timestamp=-1, offset=199371} for partition avroTest4-46
Fetched {timestamp=-1, offset=199926} for partition avroTest4-13
Fetched {timestamp=-1, offset=199606} for partition avroTest4-43
Fetched {timestamp=-1, offset=200190} for partition avroTest4-10
Resetting offset for partition avroTest4-24 to earliest offset.
Fetched {timestamp=-1, offset=0} for partition avroTest4-24
Sending coordinator request for group avroTest1 to broker ip-172-30-147-78.saccap.int:9100 (id: 1006 rack: /default-rack)
Received group coordinator response ClientResponse(receivedTimeMs=1517951361535, disconnected=false, request=ClientRequest(expectResponse=true, callback=org.apache.kafka.clients.consumer.internals.ConsumerNetworkClient$RequestFutureCompletionHandler@e3c0e40, request=RequestSend(header={api_key=10,api_version=0,correlation_id=10,client_id=consumer-1}, body={group_id=avroTest1}), createdTimeMs=1517951361525, sendTimeMs=1517951361525), responseBody={error_code=0,coordinator={node_id=1004,host=ip-172-30-147-33.saccap.int,port=9100}})
Discovered coordinator ip-172-30-147-33.saccap.int:9100 (id: 2147482643 rack: null) for group avroTest1.
Initiating connection to node 2147482643 at ip-172-30-147-33.saccap.int:9100.
Set SASL client state to SEND_HANDSHAKE_REQUEST
Creating SaslClient: client=svcusldwdevtest@SACCAP.INT;service=svcusldwdevkafka;serviceHostname=ip-172-30-147-33.saccap.int;mechs=[GSSAPI]
Group avroTest1 fetching committed offsets for partitions: [avroTest4-24, avroTest4-20, avroTest4-32, avroTest4-28, avroTest4-40, avroTest4-7, avroTest4-36, avroTest4-3, avroTest4-48, avroTest4-15, avroTest4-44, avroTest4-11, avroTest4-23, avroTest4-19, avroTest4-31, avroTest4-27, avroTest4-39, avroTest4-6, avroTest4-35, avroTest4-2, avroTest4-47, avroTest4-14, avroTest4-43, avroTest4-10, avroTest4-22, avroTest4-18, avroTest4-1, avroTest4-30, avroTest4-26, avroTest4-9, avroTest4-38, avroTest4-5, avroTest4-34, avroTest4-17, avroTest4-46, avroTest4-13, avroTest4-42, avroTest4-25, avroTest4-21, avroTest4-33, avroTest4-0, avroTest4-29, avroTest4-41, avroTest4-8, avroTest4-37, avroTest4-4, avroTest4-49, avroTest4-16, avroTest4-45, avroTest4-12]
Added sensor with name node-2147482643.bytes-sent
Added sensor with name node-2147482643.bytes-received
Added sensor with name node-2147482643.latency
Created socket with SO_RCVBUF = 65536, SO_SNDBUF = 131072, SO_TIMEOUT = 0 to node 2147482643
Set SASL client state to RECEIVE_HANDSHAKE_RESPONSE
Completed connection to node 2147482643
Set SASL client state to INITIAL
Set SASL client state to INTERMEDIATE
Set SASL client state to COMPLETE
Group avroTest1 has no committed offset for partition avroTest4-24
Group avroTest1 has no committed offset for partition avroTest4-20
Group avroTest1 has no committed offset for partition avroTest4-32
Group avroTest1 has no committed offset for partition avroTest4-28
Group avroTest1 has no committed offset for partition avroTest4-40
Group avroTest1 has no committed offset for partition avroTest4-7
Group avroTest1 has no committed offset for partition avroTest4-36
Group avroTest1 has no committed offset for partition avroTest4-3
Group avroTest1 has no committed offset for partition avroTest4-48
Group avroTest1 has no committed offset for partition avroTest4-15
Group avroTest1 has no committed offset for partition avroTest4-44
Group avroTest1 has no committed offset for partition avroTest4-11
Group avroTest1 has no committed offset for partition avroTest4-23
Group avroTest1 has no committed offset for partition avroTest4-19
Group avroTest1 has no committed offset for partition avroTest4-31
Group avroTest1 has no committed offset for partition avroTest4-27
Group avroTest1 has no committed offset for partition avroTest4-39
Group avroTest1 has no committed offset for partition avroTest4-6
Group avroTest1 has no committed offset for partition avroTest4-35
Group avroTest1 has no committed offset for partition avroTest4-2
Group avroTest1 has no committed offset for partition avroTest4-47
Group avroTest1 has no committed offset for partition avroTest4-14
Group avroTest1 has no committed offset for partition avroTest4-43
Group avroTest1 has no committed offset for partition avroTest4-10
Group avroTest1 has no committed offset for partition avroTest4-22
Group avroTest1 has no committed offset for partition avroTest4-18
Group avroTest1 has no committed offset for partition avroTest4-1
Group avroTest1 has no committed offset for partition avroTest4-30
Group avroTest1 has no committed offset for partition avroTest4-26
Group avroTest1 has no committed offset for partition avroTest4-9
Group avroTest1 has no committed offset for partition avroTest4-38
Group avroTest1 has no committed offset for partition avroTest4-5
Group avroTest1 has no committed offset for partition avroTest4-34
Group avroTest1 has no committed offset for partition avroTest4-17
Group avroTest1 has no committed offset for partition avroTest4-46
Group avroTest1 has no committed offset for partition avroTest4-13
Group avroTest1 has no committed offset for partition avroTest4-42
Group avroTest1 has no committed offset for partition avroTest4-25
Group avroTest1 has no committed offset for partition avroTest4-21
Group avroTest1 has no committed offset for partition avroTest4-33
Group avroTest1 has no committed offset for partition avroTest4-0
Group avroTest1 has no committed offset for partition avroTest4-29
Group avroTest1 has no committed offset for partition avroTest4-41
Group avroTest1 has no committed offset for partition avroTest4-8
Group avroTest1 has no committed offset for partition avroTest4-37
Group avroTest1 has no committed offset for partition avroTest4-4
Group avroTest1 has no committed offset for partition avroTest4-49
Group avroTest1 has no committed offset for partition avroTest4-16
Group avroTest1 has no committed offset for partition avroTest4-45
Group avroTest1 has no committed offset for partition avroTest4-12
Resetting offset for partition avroTest4-20 to earliest offset.
Fetched {timestamp=-1, offset=0} for partition avroTest4-20
Resetting offset for partition avroTest4-32 to earliest offset.
Fetched {timestamp=-1, offset=0} for partition avroTest4-32
Resetting offset for partition avroTest4-28 to earliest offset.
Fetched {timestamp=-1, offset=0} for partition avroTest4-28
Resetting offset for partition avroTest4-40 to earliest offset.
Fetched {timestamp=-1, offset=0} for partition avroTest4-40
Resetting offset for partition avroTest4-7 to earliest offset.
Fetched {timestamp=-1, offset=0} for partition avroTest4-7
Resetting offset for partition avroTest4-36 to earliest offset.
Fetched {timestamp=-1, offset=0} for partition avroTest4-36
Resetting offset for partition avroTest4-3 to earliest offset.
Fetched {timestamp=-1, offset=0} for partition avroTest4-3
Resetting offset for partition avroTest4-48 to earliest offset.
Fetched {timestamp=-1, offset=0} for partition avroTest4-48
Resetting offset for partition avroTest4-15 to earliest offset.
Fetched {timestamp=-1, offset=0} for partition avroTest4-15
Resetting offset for partition avroTest4-44 to earliest offset.
Fetched {timestamp=-1, offset=0} for partition avroTest4-44
Resetting offset for partition avroTest4-11 to earliest offset.
Fetched {timestamp=-1, offset=0} for partition avroTest4-11
Resetting offset for partition avroTest4-23 to earliest offset.
Fetched {timestamp=-1, offset=0} for partition avroTest4-23
Resetting offset for partition avroTest4-19 to earliest offset.
Fetched {timestamp=-1, offset=0} for partition avroTest4-19
Resetting offset for partition avroTest4-31 to earliest offset.
Fetched {timestamp=-1, offset=0} for partition avroTest4-31
Resetting offset for partition avroTest4-27 to earliest offset.
Fetched {timestamp=-1, offset=0} for partition avroTest4-27
Resetting offset for partition avroTest4-39 to earliest offset.
Fetched {timestamp=-1, offset=0} for partition avroTest4-39
Resetting offset for partition avroTest4-6 to earliest offset.
Fetched {timestamp=-1, offset=0} for partition avroTest4-6
Resetting offset for partition avroTest4-35 to earliest offset.
Fetched {timestamp=-1, offset=0} for partition avroTest4-35
Resetting offset for partition avroTest4-2 to earliest offset.
Fetched {timestamp=-1, offset=0} for partition avroTest4-2
Resetting offset for partition avroTest4-47 to earliest offset.
Fetched {timestamp=-1, offset=0} for partition avroTest4-47
Resetting offset for partition avroTest4-14 to earliest offset.
Fetched {timestamp=-1, offset=0} for partition avroTest4-14
Resetting offset for partition avroTest4-43 to earliest offset.
Fetched {timestamp=-1, offset=0} for partition avroTest4-43
Resetting offset for partition avroTest4-10 to earliest offset.
Fetched {timestamp=-1, offset=0} for partition avroTest4-10
Resetting offset for partition avroTest4-22 to earliest offset.
Fetched {timestamp=-1, offset=0} for partition avroTest4-22
Resetting offset for partition avroTest4-18 to earliest offset.
Fetched {timestamp=-1, offset=0} for partition avroTest4-18
Resetting offset for partition avroTest4-1 to earliest offset.
Fetched {timestamp=-1, offset=0} for partition avroTest4-1
Resetting offset for partition avroTest4-30 to earliest offset.
Fetched {timestamp=-1, offset=0} for partition avroTest4-30
Resetting offset for partition avroTest4-26 to earliest offset.
Fetched {timestamp=-1, offset=0} for partition avroTest4-26
Resetting offset for partition avroTest4-9 to earliest offset.
Fetched {timestamp=-1, offset=0} for partition avroTest4-9
Resetting offset for partition avroTest4-38 to earliest offset.
Fetched {timestamp=-1, offset=0} for partition avroTest4-38
Resetting offset for partition avroTest4-5 to earliest offset.
Fetched {timestamp=-1, offset=0} for partition avroTest4-5
Resetting offset for partition avroTest4-34 to earliest offset.
Fetched {timestamp=-1, offset=0} for partition avroTest4-34
Resetting offset for partition avroTest4-17 to earliest offset.
Fetched {timestamp=-1, offset=0} for partition avroTest4-17
Resetting offset for partition avroTest4-46 to earliest offset.
Fetched {timestamp=-1, offset=0} for partition avroTest4-46
Resetting offset for partition avroTest4-13 to earliest offset.
Fetched {timestamp=-1, offset=0} for partition avroTest4-13
Resetting offset for partition avroTest4-42 to earliest offset.
Fetched {timestamp=-1, offset=0} for partition avroTest4-42
Resetting offset for partition avroTest4-25 to earliest offset.
Fetched {timestamp=-1, offset=0} for partition avroTest4-25
Resetting offset for partition avroTest4-21 to earliest offset.
Fetched {timestamp=-1, offset=0} for partition avroTest4-21
Resetting offset for partition avroTest4-33 to earliest offset.
Fetched {timestamp=-1, offset=0} for partition avroTest4-33
Resetting offset for partition avroTest4-0 to earliest offset.
Fetched {timestamp=-1, offset=0} for partition avroTest4-0
Resetting offset for partition avroTest4-29 to earliest offset.
Fetched {timestamp=-1, offset=0} for partition avroTest4-29
Resetting offset for partition avroTest4-41 to earliest offset.
Fetched {timestamp=-1, offset=0} for partition avroTest4-41
Resetting offset for partition avroTest4-8 to earliest offset.
Fetched {timestamp=-1, offset=0} for partition avroTest4-8
Resetting offset for partition avroTest4-37 to earliest offset.
Fetched {timestamp=-1, offset=0} for partition avroTest4-37
Resetting offset for partition avroTest4-4 to earliest offset.
Fetched {timestamp=-1, offset=0} for partition avroTest4-4
Resetting offset for partition avroTest4-49 to earliest offset.
Fetched {timestamp=-1, offset=0} for partition avroTest4-49
Resetting offset for partition avroTest4-16 to earliest offset.
Fetched {timestamp=-1, offset=0} for partition avroTest4-16
Resetting offset for partition avroTest4-45 to earliest offset.
Fetched {timestamp=-1, offset=0} for partition avroTest4-45
Resetting offset for partition avroTest4-12 to earliest offset.
Fetched {timestamp=-1, offset=0} for partition avroTest4-12
Trying to load entry for cache with key [Key {schemaVersionKey=null, schemaIdVersion=SchemaIdVersion{schemaMetadataId=null, version=null, schemaVersionId=256}}] from target service
Loading entry for cache with key [Key {schemaVersionKey=null, schemaIdVersion=SchemaIdVersion{schemaMetadataId=null, version=null, schemaVersionId=256}}] from target service
Getting schema version from target registry for [256]
